<?xml version="1.0" encoding="UTF-8"?>
<!-- Generated by org.testng.reporters.JUnitReportReporter -->
<testsuite hostname="Vivek" failures="0" tests="1" name="day25.ThirdAutomationTest" time="7.215" errors="0" timestamp="2025-08-15T22:06:58 IST" skipped="0">
  <testcase classname="day25.ThirdAutomationTest" name="TestCase3" time="7.215"/>
</testsuite> <!-- day25.ThirdAutomationTest -->
