<?xml version="1.0" encoding="UTF-8"?>
<!-- Generated by org.testng.reporters.JUnitReportReporter -->
<testsuite hostname="Vivek" failures="0" tests="1" name="day25.SecondAutomationTest" time="21.107" errors="0" timestamp="2025-08-15T22:06:58 IST" skipped="0">
  <testcase classname="day25.SecondAutomationTest" name="TestCase2" time="21.107"/>
</testsuite> <!-- day25.SecondAutomationTest -->
